This is pdfTeX, Version 3.14159265-2.6-1.40.16 (TeX Live 2015/W32TeX) (preloaded format=pdflatex 2015.10.27)  3 MAY 2016 13:34
entering extended mode
 restricted \write18 enabled.
 %&-line parsing enabled.
**./FinalReport.tex
(./FinalReport.tex
LaTeX2e <2015/10/01> patch level 1
Babel <3.9m> and hyphenation patterns for 79 languages loaded.
(c:/texlive/2015/texmf-dist/tex/latex/base/report.cls
Document Class: report 2014/09/29 v1.4h Standard LaTeX document class
(c:/texlive/2015/texmf-dist/tex/latex/base/size10.clo
File: size10.clo 2014/09/29 v1.4h Standard LaTeX file (size option)
)
\c@part=\count79
\c@chapter=\count80
\c@section=\count81
\c@subsection=\count82
\c@subsubsection=\count83
\c@paragraph=\count84
\c@subparagraph=\count85
\c@figure=\count86
\c@table=\count87
\abovecaptionskip=\skip41
\belowcaptionskip=\skip42
\bibindent=\dimen102
)
(c:/texlive/2015/texmf-dist/tex/latex/graphics/graphicx.sty
Package: graphicx 2014/10/28 v1.0g Enhanced LaTeX Graphics (DPC,SPQR)

(c:/texlive/2015/texmf-dist/tex/latex/graphics/keyval.sty
Package: keyval 2014/10/28 v1.15 key=value parser (DPC)
\KV@toks@=\toks14
)
(c:/texlive/2015/texmf-dist/tex/latex/graphics/graphics.sty
Package: graphics 2014/10/28 v1.0p Standard LaTeX Graphics (DPC,SPQR)

(c:/texlive/2015/texmf-dist/tex/latex/graphics/trig.sty
Package: trig 1999/03/16 v1.09 sin cos tan (DPC)
)
(c:/texlive/2015/texmf-dist/tex/latex/latexconfig/graphics.cfg
File: graphics.cfg 2010/04/23 v1.9 graphics configuration of TeX Live
)
Package graphics Info: Driver file: pdftex.def on input line 94.

(c:/texlive/2015/texmf-dist/tex/latex/pdftex-def/pdftex.def
File: pdftex.def 2011/05/27 v0.06d Graphics/color for pdfTeX

(c:/texlive/2015/texmf-dist/tex/generic/oberdiek/infwarerr.sty
Package: infwarerr 2010/04/08 v1.3 Providing info/warning/error messages (HO)
)
(c:/texlive/2015/texmf-dist/tex/generic/oberdiek/ltxcmds.sty
Package: ltxcmds 2011/11/09 v1.22 LaTeX kernel commands for general use (HO)
)
\Gread@gobject=\count88
))
\Gin@req@height=\dimen103
\Gin@req@width=\dimen104
)
(c:/texlive/2015/texmf-dist/tex/latex/todonotes/todonotes.sty
Package: todonotes 2015/07/09 .dtx Todonotes source and documentation.
Package: todonotes 2012/07/25

(c:/texlive/2015/texmf-dist/tex/latex/base/ifthen.sty
Package: ifthen 2014/09/29 v1.1c Standard LaTeX ifthen package (DPC)
)
(c:/texlive/2015/texmf-dist/tex/latex/xkeyval/xkeyval.sty
Package: xkeyval 2014/12/03 v2.7a package option processing (HA)

(c:/texlive/2015/texmf-dist/tex/generic/xkeyval/xkeyval.tex
(c:/texlive/2015/texmf-dist/tex/generic/xkeyval/xkvutils.tex
\XKV@toks=\toks15
\XKV@tempa@toks=\toks16
)
\XKV@depth=\count89
File: xkeyval.tex 2014/12/03 v2.7a key=value parser (HA)
))
(c:/texlive/2015/texmf-dist/tex/latex/xcolor/xcolor.sty
Package: xcolor 2007/01/21 v2.11 LaTeX color extensions (UK)

(c:/texlive/2015/texmf-dist/tex/latex/latexconfig/color.cfg
File: color.cfg 2007/01/18 v1.5 color configuration of teTeX/TeXLive
)
Package xcolor Info: Driver file: pdftex.def on input line 225.
Package xcolor Info: Model `cmy' substituted by `cmy0' on input line 1337.
Package xcolor Info: Model `hsb' substituted by `rgb' on input line 1341.
Package xcolor Info: Model `RGB' extended on input line 1353.
Package xcolor Info: Model `HTML' substituted by `rgb' on input line 1355.
Package xcolor Info: Model `Hsb' substituted by `hsb' on input line 1356.
Package xcolor Info: Model `tHsb' substituted by `hsb' on input line 1357.
Package xcolor Info: Model `HSB' substituted by `hsb' on input line 1358.
Package xcolor Info: Model `Gray' substituted by `gray' on input line 1359.
Package xcolor Info: Model `wave' substituted by `hsb' on input line 1360.
)
(c:/texlive/2015/texmf-dist/tex/latex/pgf/frontendlayer/tikz.sty
(c:/texlive/2015/texmf-dist/tex/latex/pgf/basiclayer/pgf.sty
(c:/texlive/2015/texmf-dist/tex/latex/pgf/utilities/pgfrcs.sty
(c:/texlive/2015/texmf-dist/tex/generic/pgf/utilities/pgfutil-common.tex
\pgfutil@everybye=\toks17
\pgfutil@tempdima=\dimen105
\pgfutil@tempdimb=\dimen106

(c:/texlive/2015/texmf-dist/tex/generic/pgf/utilities/pgfutil-common-lists.tex)
) (c:/texlive/2015/texmf-dist/tex/generic/pgf/utilities/pgfutil-latex.def
\pgfutil@abb=\box26

(c:/texlive/2015/texmf-dist/tex/latex/ms/everyshi.sty
Package: everyshi 2001/05/15 v3.00 EveryShipout Package (MS)
))
(c:/texlive/2015/texmf-dist/tex/generic/pgf/utilities/pgfrcs.code.tex
Package: pgfrcs 2015/08/07 v3.0.1a (rcs-revision 1.31)
))
Package: pgf 2015/08/07 v3.0.1a (rcs-revision 1.15)

(c:/texlive/2015/texmf-dist/tex/latex/pgf/basiclayer/pgfcore.sty
(c:/texlive/2015/texmf-dist/tex/latex/pgf/systemlayer/pgfsys.sty
(c:/texlive/2015/texmf-dist/tex/generic/pgf/systemlayer/pgfsys.code.tex
Package: pgfsys 2014/07/09 v3.0.1a (rcs-revision 1.48)

(c:/texlive/2015/texmf-dist/tex/generic/pgf/utilities/pgfkeys.code.tex
\pgfkeys@pathtoks=\toks18
\pgfkeys@temptoks=\toks19

(c:/texlive/2015/texmf-dist/tex/generic/pgf/utilities/pgfkeysfiltered.code.tex
\pgfkeys@tmptoks=\toks20
))
\pgf@x=\dimen107
\pgf@y=\dimen108
\pgf@xa=\dimen109
\pgf@ya=\dimen110
\pgf@xb=\dimen111
\pgf@yb=\dimen112
\pgf@xc=\dimen113
\pgf@yc=\dimen114
\w@pgf@writea=\write3
\r@pgf@reada=\read1
\c@pgf@counta=\count90
\c@pgf@countb=\count91
\c@pgf@countc=\count92
\c@pgf@countd=\count93
\t@pgf@toka=\toks21
\t@pgf@tokb=\toks22
\t@pgf@tokc=\toks23
 (c:/texlive/2015/texmf-dist/tex/generic/pgf/systemlayer/pgf.cfg
File: pgf.cfg 2008/05/14  (rcs-revision 1.7)
)
Driver file for pgf: pgfsys-pdftex.def

(c:/texlive/2015/texmf-dist/tex/generic/pgf/systemlayer/pgfsys-pdftex.def
File: pgfsys-pdftex.def 2014/10/11  (rcs-revision 1.35)

(c:/texlive/2015/texmf-dist/tex/generic/pgf/systemlayer/pgfsys-common-pdf.def
File: pgfsys-common-pdf.def 2013/10/10  (rcs-revision 1.13)
)))
(c:/texlive/2015/texmf-dist/tex/generic/pgf/systemlayer/pgfsyssoftpath.code.tex
File: pgfsyssoftpath.code.tex 2013/09/09  (rcs-revision 1.9)
\pgfsyssoftpath@smallbuffer@items=\count94
\pgfsyssoftpath@bigbuffer@items=\count95
)
(c:/texlive/2015/texmf-dist/tex/generic/pgf/systemlayer/pgfsysprotocol.code.tex
File: pgfsysprotocol.code.tex 2006/10/16  (rcs-revision 1.4)
)) (c:/texlive/2015/texmf-dist/tex/generic/pgf/basiclayer/pgfcore.code.tex
Package: pgfcore 2010/04/11 v3.0.1a (rcs-revision 1.7)

(c:/texlive/2015/texmf-dist/tex/generic/pgf/math/pgfmath.code.tex
(c:/texlive/2015/texmf-dist/tex/generic/pgf/math/pgfmathcalc.code.tex
(c:/texlive/2015/texmf-dist/tex/generic/pgf/math/pgfmathutil.code.tex)
(c:/texlive/2015/texmf-dist/tex/generic/pgf/math/pgfmathparser.code.tex
\pgfmath@dimen=\dimen115
\pgfmath@count=\count96
\pgfmath@box=\box27
\pgfmath@toks=\toks24
\pgfmath@stack@operand=\toks25
\pgfmath@stack@operation=\toks26
)
(c:/texlive/2015/texmf-dist/tex/generic/pgf/math/pgfmathfunctions.code.tex
(c:/texlive/2015/texmf-dist/tex/generic/pgf/math/pgfmathfunctions.basic.code.te
x)
(c:/texlive/2015/texmf-dist/tex/generic/pgf/math/pgfmathfunctions.trigonometric
.code.tex)
(c:/texlive/2015/texmf-dist/tex/generic/pgf/math/pgfmathfunctions.random.code.t
ex)
(c:/texlive/2015/texmf-dist/tex/generic/pgf/math/pgfmathfunctions.comparison.co
de.tex)
(c:/texlive/2015/texmf-dist/tex/generic/pgf/math/pgfmathfunctions.base.code.tex
)
(c:/texlive/2015/texmf-dist/tex/generic/pgf/math/pgfmathfunctions.round.code.te
x)
(c:/texlive/2015/texmf-dist/tex/generic/pgf/math/pgfmathfunctions.misc.code.tex
)
(c:/texlive/2015/texmf-dist/tex/generic/pgf/math/pgfmathfunctions.integerarithm
etics.code.tex)))
(c:/texlive/2015/texmf-dist/tex/generic/pgf/math/pgfmathfloat.code.tex
\c@pgfmathroundto@lastzeros=\count97
))
(c:/texlive/2015/texmf-dist/tex/generic/pgf/basiclayer/pgfcorepoints.code.tex
File: pgfcorepoints.code.tex 2013/10/07  (rcs-revision 1.27)
\pgf@picminx=\dimen116
\pgf@picmaxx=\dimen117
\pgf@picminy=\dimen118
\pgf@picmaxy=\dimen119
\pgf@pathminx=\dimen120
\pgf@pathmaxx=\dimen121
\pgf@pathminy=\dimen122
\pgf@pathmaxy=\dimen123
\pgf@xx=\dimen124
\pgf@xy=\dimen125
\pgf@yx=\dimen126
\pgf@yy=\dimen127
\pgf@zx=\dimen128
\pgf@zy=\dimen129
)
(c:/texlive/2015/texmf-dist/tex/generic/pgf/basiclayer/pgfcorepathconstruct.cod
e.tex
File: pgfcorepathconstruct.code.tex 2013/10/07  (rcs-revision 1.29)
\pgf@path@lastx=\dimen130
\pgf@path@lasty=\dimen131
)
(c:/texlive/2015/texmf-dist/tex/generic/pgf/basiclayer/pgfcorepathusage.code.te
x
File: pgfcorepathusage.code.tex 2014/11/02  (rcs-revision 1.24)
\pgf@shorten@end@additional=\dimen132
\pgf@shorten@start@additional=\dimen133
)
(c:/texlive/2015/texmf-dist/tex/generic/pgf/basiclayer/pgfcorescopes.code.tex
File: pgfcorescopes.code.tex 2015/05/08  (rcs-revision 1.46)
\pgfpic=\box28
\pgf@hbox=\box29
\pgf@layerbox@main=\box30
\pgf@picture@serial@count=\count98
)
(c:/texlive/2015/texmf-dist/tex/generic/pgf/basiclayer/pgfcoregraphicstate.code
.tex
File: pgfcoregraphicstate.code.tex 2014/11/02  (rcs-revision 1.12)
\pgflinewidth=\dimen134
)
(c:/texlive/2015/texmf-dist/tex/generic/pgf/basiclayer/pgfcoretransformations.c
ode.tex
File: pgfcoretransformations.code.tex 2015/08/07  (rcs-revision 1.20)
\pgf@pt@x=\dimen135
\pgf@pt@y=\dimen136
\pgf@pt@temp=\dimen137
)
(c:/texlive/2015/texmf-dist/tex/generic/pgf/basiclayer/pgfcorequick.code.tex
File: pgfcorequick.code.tex 2008/10/09  (rcs-revision 1.3)
)
(c:/texlive/2015/texmf-dist/tex/generic/pgf/basiclayer/pgfcoreobjects.code.tex
File: pgfcoreobjects.code.tex 2006/10/11  (rcs-revision 1.2)
)
(c:/texlive/2015/texmf-dist/tex/generic/pgf/basiclayer/pgfcorepathprocessing.co
de.tex
File: pgfcorepathprocessing.code.tex 2013/09/09  (rcs-revision 1.9)
)
(c:/texlive/2015/texmf-dist/tex/generic/pgf/basiclayer/pgfcorearrows.code.tex
File: pgfcorearrows.code.tex 2015/05/14  (rcs-revision 1.43)
\pgfarrowsep=\dimen138
)
(c:/texlive/2015/texmf-dist/tex/generic/pgf/basiclayer/pgfcoreshade.code.tex
File: pgfcoreshade.code.tex 2013/07/15  (rcs-revision 1.15)
\pgf@max=\dimen139
\pgf@sys@shading@range@num=\count99
)
(c:/texlive/2015/texmf-dist/tex/generic/pgf/basiclayer/pgfcoreimage.code.tex
File: pgfcoreimage.code.tex 2013/07/15  (rcs-revision 1.18)

(c:/texlive/2015/texmf-dist/tex/generic/pgf/basiclayer/pgfcoreexternal.code.tex
File: pgfcoreexternal.code.tex 2014/07/09  (rcs-revision 1.21)
\pgfexternal@startupbox=\box31
))
(c:/texlive/2015/texmf-dist/tex/generic/pgf/basiclayer/pgfcorelayers.code.tex
File: pgfcorelayers.code.tex 2013/07/18  (rcs-revision 1.7)
)
(c:/texlive/2015/texmf-dist/tex/generic/pgf/basiclayer/pgfcoretransparency.code
.tex
File: pgfcoretransparency.code.tex 2013/09/30  (rcs-revision 1.5)
)
(c:/texlive/2015/texmf-dist/tex/generic/pgf/basiclayer/pgfcorepatterns.code.tex
File: pgfcorepatterns.code.tex 2013/11/07  (rcs-revision 1.5)
)))
(c:/texlive/2015/texmf-dist/tex/generic/pgf/modules/pgfmoduleshapes.code.tex
File: pgfmoduleshapes.code.tex 2014/03/21  (rcs-revision 1.35)
\pgfnodeparttextbox=\box32
)
(c:/texlive/2015/texmf-dist/tex/generic/pgf/modules/pgfmoduleplot.code.tex
File: pgfmoduleplot.code.tex 2015/08/03  (rcs-revision 1.13)
)
(c:/texlive/2015/texmf-dist/tex/latex/pgf/compatibility/pgfcomp-version-0-65.st
y
Package: pgfcomp-version-0-65 2007/07/03 v3.0.1a (rcs-revision 1.7)
\pgf@nodesepstart=\dimen140
\pgf@nodesepend=\dimen141
)
(c:/texlive/2015/texmf-dist/tex/latex/pgf/compatibility/pgfcomp-version-1-18.st
y
Package: pgfcomp-version-1-18 2007/07/23 v3.0.1a (rcs-revision 1.1)
)) (c:/texlive/2015/texmf-dist/tex/latex/pgf/utilities/pgffor.sty
(c:/texlive/2015/texmf-dist/tex/latex/pgf/utilities/pgfkeys.sty
(c:/texlive/2015/texmf-dist/tex/generic/pgf/utilities/pgfkeys.code.tex))
(c:/texlive/2015/texmf-dist/tex/latex/pgf/math/pgfmath.sty
(c:/texlive/2015/texmf-dist/tex/generic/pgf/math/pgfmath.code.tex))
(c:/texlive/2015/texmf-dist/tex/generic/pgf/utilities/pgffor.code.tex
Package: pgffor 2013/12/13 v3.0.1a (rcs-revision 1.25)

(c:/texlive/2015/texmf-dist/tex/generic/pgf/math/pgfmath.code.tex)
\pgffor@iter=\dimen142
\pgffor@skip=\dimen143
\pgffor@stack=\toks27
\pgffor@toks=\toks28
))
(c:/texlive/2015/texmf-dist/tex/generic/pgf/frontendlayer/tikz/tikz.code.tex
Package: tikz 2015/08/07 v3.0.1a (rcs-revision 1.151)

(c:/texlive/2015/texmf-dist/tex/generic/pgf/libraries/pgflibraryplothandlers.co
de.tex
File: pgflibraryplothandlers.code.tex 2013/08/31 v3.0.1a (rcs-revision 1.20)
\pgf@plot@mark@count=\count100
\pgfplotmarksize=\dimen144
)
\tikz@lastx=\dimen145
\tikz@lasty=\dimen146
\tikz@lastxsaved=\dimen147
\tikz@lastysaved=\dimen148
\tikzleveldistance=\dimen149
\tikzsiblingdistance=\dimen150
\tikz@figbox=\box33
\tikz@figbox@bg=\box34
\tikz@tempbox=\box35
\tikz@tempbox@bg=\box36
\tikztreelevel=\count101
\tikznumberofchildren=\count102
\tikznumberofcurrentchild=\count103
\tikz@fig@count=\count104

(c:/texlive/2015/texmf-dist/tex/generic/pgf/modules/pgfmodulematrix.code.tex
File: pgfmodulematrix.code.tex 2013/09/17  (rcs-revision 1.8)
\pgfmatrixcurrentrow=\count105
\pgfmatrixcurrentcolumn=\count106
\pgf@matrix@numberofcolumns=\count107
)
\tikz@expandcount=\count108

(c:/texlive/2015/texmf-dist/tex/generic/pgf/frontendlayer/tikz/libraries/tikzli
brarytopaths.code.tex
File: tikzlibrarytopaths.code.tex 2008/06/17 v3.0.1a (rcs-revision 1.2)
)))
(c:/texlive/2015/texmf-dist/tex/generic/pgf/frontendlayer/tikz/libraries/tikzli
brarypositioning.code.tex
File: tikzlibrarypositioning.code.tex 2008/10/06 v3.0.1a (rcs-revision 1.7)
) (c:/texlive/2015/texmf-dist/tex/latex/tools/calc.sty
Package: calc 2014/10/28 v4.3 Infix arithmetic (KKT,FJ)
\calc@Acount=\count109
\calc@Bcount=\count110
\calc@Adimen=\dimen151
\calc@Bdimen=\dimen152
\calc@Askip=\skip43
\calc@Bskip=\skip44
LaTeX Info: Redefining \setlength on input line 80.
LaTeX Info: Redefining \addtolength on input line 81.
\calc@Ccount=\count111
\calc@Cskip=\skip45
)
\c@@todonotes@numberoftodonotes=\count112
) (c:/texlive/2015/texmf-dist/tex/latex/booktabs/booktabs.sty
Package: booktabs 2005/04/14 v1.61803 publication quality tables
\heavyrulewidth=\dimen153
\lightrulewidth=\dimen154
\cmidrulewidth=\dimen155
\belowrulesep=\dimen156
\belowbottomsep=\dimen157
\aboverulesep=\dimen158
\abovetopsep=\dimen159
\cmidrulesep=\dimen160
\cmidrulekern=\dimen161
\defaultaddspace=\dimen162
\@cmidla=\count113
\@cmidlb=\count114
\@aboverulesep=\dimen163
\@belowrulesep=\dimen164
\@thisruleclass=\count115
\@lastruleclass=\count116
\@thisrulewidth=\dimen165
)
(c:/texlive/2015/texmf-dist/tex/latex/listings/listings.sty
\lst@mode=\count117
\lst@gtempboxa=\box37
\lst@token=\toks29
\lst@length=\count118
\lst@currlwidth=\dimen166
\lst@column=\count119
\lst@pos=\count120
\lst@lostspace=\dimen167
\lst@width=\dimen168
\lst@newlines=\count121
\lst@lineno=\count122
\lst@maxwidth=\dimen169

(c:/texlive/2015/texmf-dist/tex/latex/listings/lstmisc.sty
File: lstmisc.sty 2015/06/04 1.6 (Carsten Heinz)
\c@lstnumber=\count123
\lst@skipnumbers=\count124
\lst@framebox=\box38
)
(c:/texlive/2015/texmf-dist/tex/latex/listings/listings.cfg
File: listings.cfg 2015/06/04 1.6 listings configuration
))
Package: listings 2015/06/04 1.6 (Carsten Heinz)

(c:/texlive/2015/texmf-dist/tex/latex/geometry/geometry.sty
Package: geometry 2010/09/12 v5.6 Page Geometry

(c:/texlive/2015/texmf-dist/tex/generic/oberdiek/ifpdf.sty
Package: ifpdf 2011/01/30 v2.3 Provides the ifpdf switch (HO)
Package ifpdf Info: pdfTeX in PDF mode is detected.
)
(c:/texlive/2015/texmf-dist/tex/generic/oberdiek/ifvtex.sty
Package: ifvtex 2010/03/01 v1.5 Detect VTeX and its facilities (HO)
Package ifvtex Info: VTeX not detected.
)
(c:/texlive/2015/texmf-dist/tex/generic/ifxetex/ifxetex.sty
Package: ifxetex 2010/09/12 v0.6 Provides ifxetex conditional
)
\Gm@cnth=\count125
\Gm@cntv=\count126
\c@Gm@tempcnt=\count127
\Gm@bindingoffset=\dimen170
\Gm@wd@mp=\dimen171
\Gm@odd@mp=\dimen172
\Gm@even@mp=\dimen173
\Gm@layoutwidth=\dimen174
\Gm@layoutheight=\dimen175
\Gm@layouthoffset=\dimen176
\Gm@layoutvoffset=\dimen177
\Gm@dimlist=\toks30
)
(c:/texlive/2015/texmf-dist/tex/latex/float/float.sty
Package: float 2001/11/08 v1.3d Float enhancements (AL)
\c@float@type=\count128
\float@exts=\toks31
\float@box=\box39
\@float@everytoks=\toks32
\@floatcapt=\box40
)
(c:/texlive/2015/texmf-dist/tex/latex/pdfpages/pdfpages.sty
Package: pdfpages 2015/09/18 v0.5d Insert pages of external PDF documents (AM)

(c:/texlive/2015/texmf-dist/tex/latex/eso-pic/eso-pic.sty
Package: eso-pic 2015/07/21 v2.0g eso-pic (RN)

(c:/texlive/2015/texmf-dist/tex/generic/oberdiek/atbegshi.sty
Package: atbegshi 2011/10/05 v1.16 At begin shipout hook (HO)
))
\AM@pagewidth=\dimen178
\AM@pageheight=\dimen179

(c:/texlive/2015/texmf-dist/tex/latex/pdfpages/pppdftex.def
File: pppdftex.def 2015/09/18 v0.5d Pdfpages driver for pdfTeX (AM)
)
\AM@pagebox=\box41
\AM@toc@title=\toks33
\c@AM@survey=\count129
\AM@templatesizebox=\box42
)
(./FinalReport.aux)
\openout1 = `FinalReport.aux'.

LaTeX Font Info:    Checking defaults for OML/cmm/m/it on input line 25.
LaTeX Font Info:    ... okay on input line 25.
LaTeX Font Info:    Checking defaults for T1/cmr/m/n on input line 25.
LaTeX Font Info:    ... okay on input line 25.
LaTeX Font Info:    Checking defaults for OT1/cmr/m/n on input line 25.
LaTeX Font Info:    ... okay on input line 25.
LaTeX Font Info:    Checking defaults for OMS/cmsy/m/n on input line 25.
LaTeX Font Info:    ... okay on input line 25.
LaTeX Font Info:    Checking defaults for OMX/cmex/m/n on input line 25.
LaTeX Font Info:    ... okay on input line 25.
LaTeX Font Info:    Checking defaults for U/cmr/m/n on input line 25.
LaTeX Font Info:    ... okay on input line 25.
 (c:/texlive/2015/texmf-dist/tex/context/base/supp-pdf.mkii
[Loading MPS to PDF converter (version 2006.09.02).]
\scratchcounter=\count130
\scratchdimen=\dimen180
\scratchbox=\box43
\nofMPsegments=\count131
\nofMParguments=\count132
\everyMPshowfont=\toks34
\MPscratchCnt=\count133
\MPscratchDim=\dimen181
\MPnumerator=\count134
\makeMPintoPDFobject=\count135
\everyMPtoPDFconversion=\toks35
) (c:/texlive/2015/texmf-dist/tex/generic/oberdiek/pdftexcmds.sty
Package: pdftexcmds 2011/11/29 v0.20 Utility functions of pdfTeX for LuaTeX (HO
)

(c:/texlive/2015/texmf-dist/tex/generic/oberdiek/ifluatex.sty
Package: ifluatex 2010/03/01 v1.3 Provides the ifluatex switch (HO)
Package ifluatex Info: LuaTeX not detected.
)
Package pdftexcmds Info: LuaTeX not detected.
Package pdftexcmds Info: \pdf@primitive is available.
Package pdftexcmds Info: \pdf@ifprimitive is available.
Package pdftexcmds Info: \pdfdraftmode found.
)
(c:/texlive/2015/texmf-dist/tex/latex/oberdiek/epstopdf-base.sty
Package: epstopdf-base 2010/02/09 v2.5 Base part for package epstopdf

(c:/texlive/2015/texmf-dist/tex/latex/oberdiek/grfext.sty
Package: grfext 2010/08/19 v1.1 Manage graphics extensions (HO)

(c:/texlive/2015/texmf-dist/tex/generic/oberdiek/kvdefinekeys.sty
Package: kvdefinekeys 2011/04/07 v1.3 Define keys (HO)
))
(c:/texlive/2015/texmf-dist/tex/latex/oberdiek/kvoptions.sty
Package: kvoptions 2011/06/30 v3.11 Key value format for package options (HO)

(c:/texlive/2015/texmf-dist/tex/generic/oberdiek/kvsetkeys.sty
Package: kvsetkeys 2012/04/25 v1.16 Key value parser (HO)

(c:/texlive/2015/texmf-dist/tex/generic/oberdiek/etexcmds.sty
Package: etexcmds 2011/02/16 v1.5 Avoid name clashes with e-TeX commands (HO)
Package etexcmds Info: Could not find \expanded.
(etexcmds)             That can mean that you are not using pdfTeX 1.50 or
(etexcmds)             that some package has redefined \expanded.
(etexcmds)             In the latter case, load this package earlier.
)))
Package grfext Info: Graphics extension search list:
(grfext)             [.png,.pdf,.jpg,.mps,.jpeg,.jbig2,.jb2,.PNG,.PDF,.JPG,.JPE
G,.JBIG2,.JB2,.eps]
(grfext)             \AppendGraphicsExtensions on input line 452.

(c:/texlive/2015/texmf-dist/tex/latex/latexconfig/epstopdf-sys.cfg
File: epstopdf-sys.cfg 2010/07/13 v1.3 Configuration of (r)epstopdf for TeX Liv
e
))
ABD: EveryShipout initializing macros
\c@lstlisting=\count136

*geometry* driver: auto-detecting
*geometry* detected driver: pdftex
*geometry* verbose mode - [ preamble ] result:
* driver: pdftex
* paper: <default>
* layout: <same size as paper>
* layoutoffset:(h,v)=(0.0pt,0.0pt)
* modes: 
* h-part:(L,W,R)=(72.26999pt, 469.75502pt, 72.26999pt)
* v-part:(T,H,B)=(72.26999pt, 650.43001pt, 72.26999pt)
* \paperwidth=614.295pt
* \paperheight=794.96999pt
* \textwidth=469.75502pt
* \textheight=650.43001pt
* \oddsidemargin=0.0pt
* \evensidemargin=0.0pt
* \topmargin=-37.0pt
* \headheight=12.0pt
* \headsep=25.0pt
* \topskip=10.0pt
* \footskip=30.0pt
* \marginparwidth=65.0pt
* \marginparsep=11.0pt
* \columnsep=10.0pt
* \skip\footins=9.0pt plus 4.0pt minus 2.0pt
* \hoffset=0.0pt
* \voffset=0.0pt
* \mag=1000
* \@twocolumnfalse
* \@twosidefalse
* \@mparswitchfalse
* \@reversemarginfalse
* (1in=72.27pt=25.4mm, 1cm=28.453pt)

\AtBeginShipoutBox=\box44
(c:/texlive/2015/texmf-dist/tex/latex/oberdiek/pdflscape.sty
Package: pdflscape 2008/08/11 v0.10 Display of landscape pages in PDF (HO)

(c:/texlive/2015/texmf-dist/tex/latex/graphics/lscape.sty
Package: lscape 2000/10/22 v3.01 Landscape Pages (DPC)
)
Package pdflscape Info: Auto-detected driver: pdftex on input line 80.
)
LaTeX Font Info:    External font `cmex10' loaded for size
(Font)              <12> on input line 26.
LaTeX Font Info:    External font `cmex10' loaded for size
(Font)              <8> on input line 26.
LaTeX Font Info:    External font `cmex10' loaded for size
(Font)              <6> on input line 26.
 [1

{c:/texlive/2015/texmf-var/fonts/map/pdftex/updmap/pdftex.map}] (./FinalReport.
toc
LaTeX Font Info:    External font `cmex10' loaded for size
(Font)              <7> on input line 2.
LaTeX Font Info:    External font `cmex10' loaded for size
(Font)              <5> on input line 2.
 [1

])
\tf@toc=\write4
\openout4 = `FinalReport.toc'.

 [2]
Chapter 1.
LaTeX Font Info:    Try loading font information for OMS+cmr on input line 33.
(c:/texlive/2015/texmf-dist/tex/latex/base/omscmr.fd
File: omscmr.fd 2014/09/29 v2.5h Standard LaTeX font definitions
)
LaTeX Font Info:    Font shape `OMS/cmr/m/n' in size <10> not available
(Font)              Font shape `OMS/cmsy/m/n' tried instead on input line 33.
 [3

]
Chapter 2.
[4

] <resources/overlaynetwork.jpg, id=27, 144.54pt x 61.1886pt>
File: resources/overlaynetwork.jpg Graphic file (type jpg)

<use resources/overlaynetwork.jpg>
Package pdftex.def Info: resources/overlaynetwork.jpg used on input line 69.
(pdftex.def)             Requested size: 144.53963pt x 61.18843pt.
 [5 <./resources/overlaynetwork.jpg>]
<resources/network.png, id=31, 678.535pt x 178.6675pt>
File: resources/network.png Graphic file (type png)

<use resources/network.png>
Package pdftex.def Info: resources/network.png used on input line 92.
(pdftex.def)             Requested size: 271.40918pt x 71.46573pt.

<resources/peerdisconnect.png, id=33, 678.535pt x 215.80624pt>
File: resources/peerdisconnect.png Graphic file (type png)

<use resources/peerdisconnect.png>
Package pdftex.def Info: resources/peerdisconnect.png used on input line 98.
(pdftex.def)             Requested size: 271.40918pt x 86.32095pt.

<resources/treetopology.png, id=34, 456.70625pt x 404.51125pt>
File: resources/treetopology.png Graphic file (type png)

<use resources/treetopology.png>
Package pdftex.def Info: resources/treetopology.png used on input line 105.
(pdftex.def)             Requested size: 182.67926pt x 161.80162pt.
 [6 <./resources/network.png> <./resources/peerdisconnect.png>] [7 <./resources
/treetopology.png>]
<resources/jsep.png, id=45, 837.1275pt x 521.95pt>
File: resources/jsep.png Graphic file (type png)
 <use resources/jsep.png>
Package pdftex.def Info: resources/jsep.png used on input line 127.
(pdftex.def)             Requested size: 334.84506pt x 208.77629pt.

[8 <./resources/jsep.png (PNG copy)>]
Chapter 3.
[9

] <resources/ganttchart.png, id=52, 810.02625pt x 950.04938pt>
File: resources/ganttchart.png Graphic file (type png)

<use resources/ganttchart.png>
Package pdftex.def Info: resources/ganttchart.png used on input line 144.
(pdftex.def)             Requested size: 405.01213pt x 475.02353pt.
 [10 <./resources/ganttchart.png>] [11]
Chapter 4.
<resources/tdd-circle-of-life.png, id=59, 476.78125pt x 373.395pt>
File: resources/tdd-circle-of-life.png Graphic file (type png)

<use resources/tdd-circle-of-life.png>
Package pdftex.def Info: resources/tdd-circle-of-life.png used on input line 18
6.
(pdftex.def)             Requested size: 238.39003pt x 186.69704pt.
 [12

] [13 <./resources/tdd-circle-of-life.png>]
Chapter 5.
<resources/application-architecture.png, id=68, 755.82375pt x 284.06125pt>
File: resources/application-architecture.png Graphic file (type png)

<use resources/application-architecture.png>
Package pdftex.def Info: resources/application-architecture.png used on input l
ine 198.
(pdftex.def)             Requested size: 377.91095pt x 142.03026pt.
 [14

 <./resources/application-architecture.png>]
<resources/signalling-establishment-sequence.png, id=73, 858.20625pt x 584.1825
pt>
File: resources/signalling-establishment-sequence.png Graphic file (type png)
 <use resources/signalling-establishment-sequence.png>
Package pdftex.def Info: resources/signalling-establishment-sequence.png used o
n input line 216.
(pdftex.def)             Requested size: 429.10208pt x 292.09053pt.
 [15] [16 <./resources/signalling-establishment-sequence.png>]
LaTeX Font Info:    Font shape `OMS/cmr/bx/n' in size <10> not available
(Font)              Font shape `OMS/cmsy/b/n' tried instead on input line 238.
 [17]
<resources/peer-connection-establishment-sequence-chrome.png, id=85, 883.3pt x 
753.81625pt>
File: resources/peer-connection-establishment-sequence-chrome.png Graphic file 
(type png)
 <use resources/peer-connection-establishment-sequence-chrome.png>
Package pdftex.def Info: resources/peer-connection-establishment-sequence-chrom
e.png used on input line 256.
(pdftex.def)             Requested size: 353.31374pt x 301.52116pt.

<resources/peer-connection-establishment-sequence-firefox.png, id=86, 883.3pt x
 753.81625pt>
File: resources/peer-connection-establishment-sequence-firefox.png Graphic file
 (type png)

<use resources/peer-connection-establishment-sequence-firefox.png>
Package pdftex.def Info: resources/peer-connection-establishment-sequence-firef
ox.png used on input line 262.
(pdftex.def)             Requested size: 353.31374pt x 301.52116pt.
 [18 <./resources/peer-connection-establishment-sequence-chrome.png>]
<resources/file-sending-sequence-chrome.png, id=92, 697.60625pt x 633.36626pt>
File: resources/file-sending-sequence-chrome.png Graphic file (type png)

<use resources/file-sending-sequence-chrome.png>
Package pdftex.def Info: resources/file-sending-sequence-chrome.png used on inp
ut line 271.
(pdftex.def)             Requested size: 348.80226pt x 316.68236pt.
 [19 <./resources/peer-connection-establishment-sequence-firefox.png>]
<resources/file-sending-sequence-firefox.png, id=97, 666.49pt x 469.755pt>
File: resources/file-sending-sequence-firefox.png Graphic file (type png)

<use resources/file-sending-sequence-firefox.png>
Package pdftex.def Info: resources/file-sending-sequence-firefox.png used on in
put line 277.
(pdftex.def)             Requested size: 333.24419pt x 234.87692pt.
 [20 <./resources/file-sending-sequence-chrome.png> <./resources/file-sending-s
equence-firefox.png>]
<resources/One-to-many.png, id=103, 304.13625pt x 243.91125pt>
File: resources/One-to-many.png Graphic file (type png)

<use resources/One-to-many.png>
Package pdftex.def Info: resources/One-to-many.png used on input line 295.
(pdftex.def)             Requested size: 152.06775pt x 121.95532pt.
 [21] [22 <./resources/One-to-many.png>]
<resources/application-flow.png, id=111, 778.91pt x 792.9625pt>
File: resources/application-flow.png Graphic file (type png)

<use resources/application-flow.png>
Package pdftex.def Info: resources/application-flow.png used on input line 320.

(pdftex.def)             Requested size: 467.34961pt x 475.78116pt.
 [23] [24 <./resources/application-flow.png>] [25] [26]
Chapter 6.
[27

] <resources/download-chart.png, id=129, 621.07031pt x 539.01375pt>
File: resources/download-chart.png Graphic file (type png)

<use resources/download-chart.png>
Package pdftex.def Info: resources/download-chart.png used on input line 356.
(pdftex.def)             Requested size: 310.5344pt x 269.50621pt.

<resources/download-failures-chart.png, id=130, 560.8453pt x 539.01375pt>
File: resources/download-failures-chart.png Graphic file (type png)

<use resources/download-failures-chart.png>
Package pdftex.def Info: resources/download-failures-chart.png used on input li
ne 361.
(pdftex.def)             Requested size: 280.42197pt x 269.50621pt.
 [28 <./resources/download-chart.png>] <resources/streaming-chart.png, id=135, 
560.8453pt x 503.63156pt>
File: resources/streaming-chart.png Graphic file (type png)

<use resources/streaming-chart.png>
Package pdftex.def Info: resources/streaming-chart.png used on input line 374.
(pdftex.def)             Requested size: 252.37805pt x 226.6321pt.

<resources/stream-failures-chart.png, id=136, 559.33969pt x 510.40688pt>
File: resources/stream-failures-chart.png Graphic file (type png)

<use resources/stream-failures-chart.png>
Package pdftex.def Info: resources/stream-failures-chart.png used on input line
 379.
(pdftex.def)             Requested size: 251.70053pt x 229.68097pt.
 [29 <./resources/download-failures-chart.png>] [30 <./resources/streaming-char
t.png> <./resources/stream-failures-chart.png>] [31]
Chapter 7.
[32

] <resources/tree-topology.png, id=153, 364.36125pt x 364.36125pt>
File: resources/tree-topology.png Graphic file (type png)

<use resources/tree-topology.png>
Package pdftex.def Info: resources/tree-topology.png used on input line 414.
(pdftex.def)             Requested size: 182.18018pt x 182.18018pt.
 [33 <./resources/tree-topology.png>] [34]
[35]
Overfull \hbox (71.66275pt too wide) in paragraph at lines 439--440
[]\OT1/cmr/m/n/10 An Un-struc-tured Peer-To-Peer Over-lay Net-work. Avail-able:
 http://www.hindawi.com/journals/jcnc/2012/485875/fig1/.
 []


Underfull \hbox (badness 3058) in paragraph at lines 445--446
[]\OT1/cmr/m/n/10 Schulzrinne, et al. (Febru-ary 2010). Se-cu-rity in P2P Re-al
-time Com-mu-ni-ca-tions. Avail-able:
 []


Underfull \hbox (badness 1571) in paragraph at lines 449--450
\OT1/cmr/m/n/10 Avail-able: https://www.scss.tcd.ie/publications/tech-reports/r
eports.10/TCD-CS-2010-06.pdf. Last
 []


Underfull \hbox (badness 10000) in paragraph at lines 455--456
\OT1/cmr/m/n/10 style/gadgets-and-tech/news/investigatory-powers-bill-could-all
ow-government-to-ban-end-to-end-
 []


Underfull \hbox (badness 10000) in paragraph at lines 457--458
[]\OT1/cmr/m/n/10 WeTransfer. How long are my up-loads avail-able to down-load?
. Avail-able:
 []


Underfull \hbox (badness 10000) in paragraph at lines 457--458
\OT1/cmr/m/n/10 https://wetransfer.zendesk.com/hc/en-us/articles/202603916-How-
long-are-my-uploads-available-
 []


Underfull \hbox (badness 1755) in paragraph at lines 461--462
[]\OT1/cmr/m/n/10 Daniel Cooper. (2016). Ama-zon ac-cused of hand-ing out its u
sers' per-sonal data. Avail-able:
 []


Underfull \hbox (badness 10000) in paragraph at lines 465--466
[]\OT1/cmr/m/n/10 Harald Alves-trand. (2011). Google re-lease of We-bRTC source
 code. Avail-able:
 []


Underfull \hbox (badness 5637) in paragraph at lines 467--468
[]\OT1/cmr/m/n/10 Adam Bergkvist, Daniel C. Bur-nett, Cullen Jen-nings, Anant N
arayanan (un-til Novem-
 []


Underfull \hbox (badness 4060) in paragraph at lines 467--468
\OT1/cmr/m/n/10 ber 2012). (2011). We-bRTC 1.0: Real-time Com-mu-ni-ca-tion Be-
tween Browsers. Avail-able:
 []

[36

]
Underfull \hbox (badness 10000) in paragraph at lines 473--474
[]\OT1/cmr/m/n/10 Justin Uberti. (2011). Javascript Ses-sion Es-tab-lish-ment P
ro-to-col (JSEP).
 []


Underfull \hbox (badness 10000) in paragraph at lines 473--474
\OT1/cmr/m/n/10 Avail-able: https://lists.w3.org/Archives/Public/public-webrtc/
2012Jan/att-
 []


Underfull \hbox (badness 6961) in paragraph at lines 477--478
[]\OT1/cmr/m/n/10 S. Nan-daku-mar, C. Jen-nings. (Febru-ary 12, 2014). SDP for 
the We-bRTC. Avail-able:
 []


Underfull \hbox (badness 10000) in paragraph at lines 479--480
[]\OT1/cmr/m/n/10 Jesup, et al. (2015). We-bRTC Data Chan-nel Es-tab-lish-ment 
Pro-to-col. Avail-able:
 []


Underfull \hbox (badness 1688) in paragraph at lines 481--482
[]\OT1/cmr/m/n/10 Available: http://www.agilenutshell.com/assets/test-driven-de
velopment/tdd-circle-of-life.png. Last
 []


Underfull \hbox (badness 10000) in paragraph at lines 485--486
[]\OT1/cmr/m/n/10 Robert O'Callahan. (N/A). Me-di-aS-tream Pro-cess-ing API. Av
ail-able:
 []


Underfull \hbox (badness 10000) in paragraph at lines 485--486
\OT1/cmr/m/n/10 https://www.w3.org/2011/audio/drafts/1WD/MediaStream/#media-ele
ments. Last ac-cessed
 []

[37]
Appendix A.
<resources/Results.pdf, id=171, 597.23125pt x 845.1575pt>
File: resources/Results.pdf Graphic file (type pdf)

<use resources/Results.pdf>
Package pdftex.def Info: resources/Results.pdf used on input line 495.
(pdftex.def)             Requested size: 597.22978pt x 845.15544pt.
File: resources/Results.pdf Graphic file (type pdf)
 <use resources/Results.pdf>
Package pdftex.def Info: resources/Results.pdf used on input line 495.
(pdftex.def)             Requested size: 597.22978pt x 845.15544pt.

<resources/Results.pdf, id=174, page=1, 597.23125pt x 845.1575pt>
File: resources/Results.pdf Graphic file (type pdf)

<use resources/Results.pdf, page 1>
Package pdftex.def Info: resources/Results.pdf, page1 used on input line 495.
(pdftex.def)             Requested size: 597.22978pt x 845.15544pt.
File: resources/Results.pdf Graphic file (type pdf)
 <use resources/Results.pdf, page 1>
Package pdftex.def Info: resources/Results.pdf, page1 used on input line 495.
(pdftex.def)             Requested size: 561.86221pt x 795.10587pt.

[38

]
File: resources/Results.pdf Graphic file (type pdf)
 <use resources/Results.pdf, page 1>
Package pdftex.def Info: resources/Results.pdf, page1 used on input line 495.
(pdftex.def)             Requested size: 561.86221pt x 795.10587pt.
File: resources/Results.pdf Graphic file (type pdf)
 <use resources/Results.pdf, page 1>
Package pdftex.def Info: resources/Results.pdf, page1 used on input line 495.
(pdftex.def)             Requested size: 561.86221pt x 795.10587pt.
File: resources/Results.pdf Graphic file (type pdf)

<use resources/Results.pdf, page 1>
Package pdftex.def Info: resources/Results.pdf, page1 used on input line 495.
(pdftex.def)             Requested size: 561.86221pt x 795.10587pt.
 [39 <./resources/Results.pdf>]
<resources/Results.pdf, id=193, page=2, 597.23125pt x 845.1575pt>
File: resources/Results.pdf Graphic file (type pdf)

<use resources/Results.pdf, page 2>
Package pdftex.def Info: resources/Results.pdf, page2 used on input line 495.
(pdftex.def)             Requested size: 561.86221pt x 795.10587pt.
File: resources/Results.pdf Graphic file (type pdf)
 <use resources/Results.pdf, page 2>
Package pdftex.def Info: resources/Results.pdf, page2 used on input line 495.
(pdftex.def)             Requested size: 561.86221pt x 795.10587pt.
File: resources/Results.pdf Graphic file (type pdf)

<use resources/Results.pdf, page 2>
Package pdftex.def Info: resources/Results.pdf, page2 used on input line 495.
(pdftex.def)             Requested size: 561.86221pt x 795.10587pt.
 [40 <./resources/Results.pdf>]
<resources/Results.pdf, id=198, page=3, 597.23125pt x 845.1575pt>
File: resources/Results.pdf Graphic file (type pdf)

<use resources/Results.pdf, page 3>
Package pdftex.def Info: resources/Results.pdf, page3 used on input line 495.
(pdftex.def)             Requested size: 561.86221pt x 795.10587pt.
File: resources/Results.pdf Graphic file (type pdf)
 <use resources/Results.pdf, page 3>
Package pdftex.def Info: resources/Results.pdf, page3 used on input line 495.
(pdftex.def)             Requested size: 561.86221pt x 795.10587pt.
File: resources/Results.pdf Graphic file (type pdf)

<use resources/Results.pdf, page 3>
Package pdftex.def Info: resources/Results.pdf, page3 used on input line 495.
(pdftex.def)             Requested size: 561.86221pt x 795.10587pt.
 [41 <./resources/Results.pdf>]
<resources/Results.pdf, id=203, page=4, 597.23125pt x 845.1575pt>
File: resources/Results.pdf Graphic file (type pdf)

<use resources/Results.pdf, page 4>
Package pdftex.def Info: resources/Results.pdf, page4 used on input line 495.
(pdftex.def)             Requested size: 561.86221pt x 795.10587pt.
File: resources/Results.pdf Graphic file (type pdf)
 <use resources/Results.pdf, page 4>
Package pdftex.def Info: resources/Results.pdf, page4 used on input line 495.
(pdftex.def)             Requested size: 561.86221pt x 795.10587pt.
File: resources/Results.pdf Graphic file (type pdf)

<use resources/Results.pdf, page 4>
Package pdftex.def Info: resources/Results.pdf, page4 used on input line 495.
(pdftex.def)             Requested size: 561.86221pt x 795.10587pt.
 [42 <./resources/Results.pdf>]
Appendix B.
<resources/design.png, id=209, 2529.45pt x 2806.485pt>
File: resources/design.png Graphic file (type png)

<use resources/design.png>
Package pdftex.def Info: resources/design.png used on input line 499.
(pdftex.def)             Requested size: 379.40114pt x 420.95459pt.
 [43

 <./resources/design.png>]
Appendix C.
<resources/fileuploadstate.png, id=214, 720.44156pt x 628.59843pt>
File: resources/fileuploadstate.png Graphic file (type png)

<use resources/fileuploadstate.png>
Package pdftex.def Info: resources/fileuploadstate.png used on input line 505.
(pdftex.def)             Requested size: 432.26826pt x 377.16197pt.

<resources/newroomstate.png, id=215, 634.62094pt x 584.1825pt>
File: resources/newroomstate.png Graphic file (type png)

<use resources/newroomstate.png>
Package pdftex.def Info: resources/newroomstate.png used on input line 510.
(pdftex.def)             Requested size: 380.7755pt x 350.51219pt.
 [44

 <./resources/fileuploadstate.png>]
<resources/joinroomstate.png, id=220, 646.66594pt x 583.42969pt>
File: resources/joinroomstate.png Graphic file (type png)

<use resources/joinroomstate.png>
Package pdftex.def Info: resources/joinroomstate.png used on input line 515.
(pdftex.def)             Requested size: 388.00255pt x 350.0605pt.
 [45 <./resources/newroomstate.png>]
<resources/streamingstate.png, id=224, 644.4075pt x 603.0028pt>
File: resources/streamingstate.png Graphic file (type png)

<use resources/streamingstate.png>
Package pdftex.def Info: resources/streamingstate.png used on input line 520.
(pdftex.def)             Requested size: 386.64748pt x 361.80447pt.
 [46 <./resources/joinroomstate.png>]
<resources/downloadstate.png, id=228, 663.22781pt x 599.23875pt>
File: resources/downloadstate.png Graphic file (type png)

<use resources/downloadstate.png>
Package pdftex.def Info: resources/downloadstate.png used on input line 525.
(pdftex.def)             Requested size: 397.93976pt x 359.54602pt.
 [47 <./resources/streamingstate.png>]
[48 <./resources/downloadstate.png>]
Appendix D.
[49

] [50]
Appendix E.
<resources/lightning-viz.png, id=243, 1432.60219pt x 717.43031pt>
File: resources/lightning-viz.png Graphic file (type png)

<use resources/lightning-viz.png>
Package pdftex.def Info: resources/lightning-viz.png used on input line 626.
(pdftex.def)             Requested size: 358.14967pt x 179.35713pt.
 [51

 <./resources/lightning-viz.png>]
Appendix F.
<resources/smoothie-js.png, id=247, 624.08156pt x 441.90094pt>
File: resources/smoothie-js.png Graphic file (type png)

<use resources/smoothie-js.png>
Package pdftex.def Info: resources/smoothie-js.png used on input line 633.
(pdftex.def)             Requested size: 312.04001pt x 220.94992pt.
 [52

 <./resources/smoothie-js.png>]
(./FinalReport.aux) ) 
Here is how much of TeX's memory you used:
 14592 strings out of 493054
 285242 string characters out of 6138326
 508583 words of memory out of 5000000
 17801 multiletter control sequences out of 15000+600000
 9698 words of font info for 35 fonts, out of 8000000 for 9000
 1141 hyphenation exceptions out of 8191
 62i,18n,68p,2439b,1545s stack positions out of 5000i,500n,10000p,200000b,80000s
<c:/texlive/2015/texmf-dist/fonts/type1/public/amsfonts/cm
/cmbsy10.pfb><c:/texlive/2015/texmf-dist/fonts/type1/public/amsfonts/cm/cmbx10.
pfb><c:/texlive/2015/texmf-dist/fonts/type1/public/amsfonts/cm/cmbx12.pfb><c:/t
exlive/2015/texmf-dist/fonts/type1/public/amsfonts/cm/cmr10.pfb><c:/texlive/201
5/texmf-dist/fonts/type1/public/amsfonts/cm/cmr12.pfb><c:/texlive/2015/texmf-di
st/fonts/type1/public/amsfonts/cm/cmr17.pfb><c:/texlive/2015/texmf-dist/fonts/t
ype1/public/amsfonts/cm/cmsy10.pfb><c:/texlive/2015/texmf-dist/fonts/type1/publ
ic/amsfonts/cm/cmtt8.pfb>
Output written on FinalReport.pdf (53 pages, 1705844 bytes).
PDF statistics:
 280 PDF objects out of 1000 (max. 8388607)
 158 compressed objects within 2 object streams
 0 named destinations out of 1000 (max. 500000)
 188 words of extra memory for PDF output out of 10000 (max. 10000000)

